2019-04-09 16:52:46,452(yyyy-MM-dd HH:mm:ss) - 0 - [main] DEBUG org.springframework.core.env.StandardEnvironment  - Adding [systemProperties] PropertySource with lowest search precedence
2019-04-09 16:52:46,452(yyyy-MM-dd HH:mm:ss) - 0 - [main] DEBUG org.springframework.core.env.StandardEnvironment  - Adding [systemEnvironment] PropertySource with lowest search precedence
2019-04-09 16:52:46,452(yyyy-MM-dd HH:mm:ss) - 0 - [main] DEBUG org.springframework.core.env.StandardEnvironment  - Initialized StandardEnvironment with PropertySources [systemProperties,systemEnvironment]
2019-04-09 16:52:46,655(yyyy-MM-dd HH:mm:ss) - 203 - [main] INFO org.springframework.context.annotation.AnnotationConfigApplicationContext  - Refreshing org.springframework.context.annotation.AnnotationConfigApplicationContext@6f75e721: startup date [Tue Apr 09 16:52:46 IST 2019]; root of context hierarchy
2019-04-09 16:52:46,655(yyyy-MM-dd HH:mm:ss) - 203 - [main] DEBUG org.springframework.context.annotation.AnnotationConfigApplicationContext  - Bean factory for org.springframework.context.annotation.AnnotationConfigApplicationContext@6f75e721: org.springframework.beans.factory.support.DefaultListableBeanFactory@13c78c0b: defining beans [org.springframework.context.annotation.internalConfigurationAnnotationProcessor,org.springframework.context.annotation.internalAutowiredAnnotationProcessor,org.springframework.context.annotation.internalRequiredAnnotationProcessor,org.springframework.context.annotation.internalCommonAnnotationProcessor,org.springframework.context.event.internalEventListenerProcessor,org.springframework.context.event.internalEventListenerFactory,bankAppConfig]; root of factory hierarchy
2019-04-09 16:52:46,702(yyyy-MM-dd HH:mm:ss) - 250 - [main] DEBUG org.springframework.beans.factory.support.DefaultListableBeanFactory  - Creating shared instance of singleton bean 'org.springframework.context.annotation.internalConfigurationAnnotationProcessor'
2019-04-09 16:52:46,702(yyyy-MM-dd HH:mm:ss) - 250 - [main] DEBUG org.springframework.beans.factory.support.DefaultListableBeanFactory  - Creating instance of bean 'org.springframework.context.annotation.internalConfigurationAnnotationProcessor'
2019-04-09 16:52:46,733(yyyy-MM-dd HH:mm:ss) - 281 - [main] DEBUG org.springframework.beans.factory.support.DefaultListableBeanFactory  - Eagerly caching bean 'org.springframework.context.annotation.internalConfigurationAnnotationProcessor' to allow for resolving potential circular references
2019-04-09 16:52:46,733(yyyy-MM-dd HH:mm:ss) - 281 - [main] DEBUG org.springframework.beans.factory.support.DefaultListableBeanFactory  - Finished creating instance of bean 'org.springframework.context.annotation.internalConfigurationAnnotationProcessor'
2019-04-09 16:52:46,811(yyyy-MM-dd HH:mm:ss) - 359 - [main] DEBUG org.springframework.context.annotation.ConfigurationClassBeanDefinitionReader  - Registering bean definition for @Bean method com.capgemini.bankapp.config.BankAppConfig.getBankAccountServiceImpl()
2019-04-09 16:52:46,998(yyyy-MM-dd HH:mm:ss) - 546 - [main] DEBUG org.springframework.context.annotation.ConfigurationClassEnhancer  - Successfully enhanced com.capgemini.bankapp.config.BankAppConfig; enhanced class name is: com.capgemini.bankapp.config.BankAppConfig$$EnhancerBySpringCGLIB$$da2567b1
2019-04-09 16:52:46,998(yyyy-MM-dd HH:mm:ss) - 546 - [main] DEBUG org.springframework.context.annotation.ConfigurationClassPostProcessor  - Replacing bean definition 'bankAppConfig' existing class 'com.capgemini.bankapp.config.BankAppConfig' with enhanced class 'com.capgemini.bankapp.config.BankAppConfig$$EnhancerBySpringCGLIB$$da2567b1'
2019-04-09 16:52:46,998(yyyy-MM-dd HH:mm:ss) - 546 - [main] DEBUG org.springframework.beans.factory.support.DefaultListableBeanFactory  - Creating shared instance of singleton bean 'org.springframework.context.annotation.internalAutowiredAnnotationProcessor'
2019-04-09 16:52:46,998(yyyy-MM-dd HH:mm:ss) - 546 - [main] DEBUG org.springframework.beans.factory.support.DefaultListableBeanFactory  - Creating instance of bean 'org.springframework.context.annotation.internalAutowiredAnnotationProcessor'
2019-04-09 16:52:46,998(yyyy-MM-dd HH:mm:ss) - 546 - [main] DEBUG org.springframework.beans.factory.support.DefaultListableBeanFactory  - Eagerly caching bean 'org.springframework.context.annotation.internalAutowiredAnnotationProcessor' to allow for resolving potential circular references
2019-04-09 16:52:47,030(yyyy-MM-dd HH:mm:ss) - 578 - [main] DEBUG org.springframework.beans.factory.support.DefaultListableBeanFactory  - Finished creating instance of bean 'org.springframework.context.annotation.internalAutowiredAnnotationProcessor'
2019-04-09 16:52:47,030(yyyy-MM-dd HH:mm:ss) - 578 - [main] DEBUG org.springframework.beans.factory.support.DefaultListableBeanFactory  - Creating shared instance of singleton bean 'org.springframework.context.annotation.internalRequiredAnnotationProcessor'
2019-04-09 16:52:47,030(yyyy-MM-dd HH:mm:ss) - 578 - [main] DEBUG org.springframework.beans.factory.support.DefaultListableBeanFactory  - Creating instance of bean 'org.springframework.context.annotation.internalRequiredAnnotationProcessor'
2019-04-09 16:52:47,030(yyyy-MM-dd HH:mm:ss) - 578 - [main] DEBUG org.springframework.beans.factory.support.DefaultListableBeanFactory  - Eagerly caching bean 'org.springframework.context.annotation.internalRequiredAnnotationProcessor' to allow for resolving potential circular references
2019-04-09 16:52:47,045(yyyy-MM-dd HH:mm:ss) - 593 - [main] DEBUG org.springframework.beans.factory.support.DefaultListableBeanFactory  - Finished creating instance of bean 'org.springframework.context.annotation.internalRequiredAnnotationProcessor'
2019-04-09 16:52:47,045(yyyy-MM-dd HH:mm:ss) - 593 - [main] DEBUG org.springframework.beans.factory.support.DefaultListableBeanFactory  - Creating shared instance of singleton bean 'org.springframework.context.annotation.internalCommonAnnotationProcessor'
2019-04-09 16:52:47,045(yyyy-MM-dd HH:mm:ss) - 593 - [main] DEBUG org.springframework.beans.factory.support.DefaultListableBeanFactory  - Creating instance of bean 'org.springframework.context.annotation.internalCommonAnnotationProcessor'
2019-04-09 16:52:47,045(yyyy-MM-dd HH:mm:ss) - 593 - [main] DEBUG org.springframework.beans.factory.support.DefaultListableBeanFactory  - Eagerly caching bean 'org.springframework.context.annotation.internalCommonAnnotationProcessor' to allow for resolving potential circular references
2019-04-09 16:52:47,061(yyyy-MM-dd HH:mm:ss) - 609 - [main] DEBUG org.springframework.beans.factory.support.DefaultListableBeanFactory  - Finished creating instance of bean 'org.springframework.context.annotation.internalCommonAnnotationProcessor'
2019-04-09 16:52:47,061(yyyy-MM-dd HH:mm:ss) - 609 - [main] DEBUG org.springframework.context.annotation.AnnotationConfigApplicationContext  - Unable to locate MessageSource with name 'messageSource': using default [org.springframework.context.support.DelegatingMessageSource@1e4a7dd4]
2019-04-09 16:52:47,061(yyyy-MM-dd HH:mm:ss) - 609 - [main] DEBUG org.springframework.context.annotation.AnnotationConfigApplicationContext  - Unable to locate ApplicationEventMulticaster with name 'applicationEventMulticaster': using default [org.springframework.context.event.SimpleApplicationEventMulticaster@5e955596]
2019-04-09 16:52:47,061(yyyy-MM-dd HH:mm:ss) - 609 - [main] DEBUG org.springframework.beans.factory.support.DefaultListableBeanFactory  - Pre-instantiating singletons in org.springframework.beans.factory.support.DefaultListableBeanFactory@13c78c0b: defining beans [org.springframework.context.annotation.internalConfigurationAnnotationProcessor,org.springframework.context.annotation.internalAutowiredAnnotationProcessor,org.springframework.context.annotation.internalRequiredAnnotationProcessor,org.springframework.context.annotation.internalCommonAnnotationProcessor,org.springframework.context.event.internalEventListenerProcessor,org.springframework.context.event.internalEventListenerFactory,bankAppConfig,getBankAccountServiceImpl]; root of factory hierarchy
2019-04-09 16:52:47,061(yyyy-MM-dd HH:mm:ss) - 609 - [main] DEBUG org.springframework.beans.factory.support.DefaultListableBeanFactory  - Returning cached instance of singleton bean 'org.springframework.context.annotation.internalConfigurationAnnotationProcessor'
2019-04-09 16:52:47,061(yyyy-MM-dd HH:mm:ss) - 609 - [main] DEBUG org.springframework.beans.factory.support.DefaultListableBeanFactory  - Returning cached instance of singleton bean 'org.springframework.context.annotation.internalAutowiredAnnotationProcessor'
2019-04-09 16:52:47,061(yyyy-MM-dd HH:mm:ss) - 609 - [main] DEBUG org.springframework.beans.factory.support.DefaultListableBeanFactory  - Returning cached instance of singleton bean 'org.springframework.context.annotation.internalRequiredAnnotationProcessor'
2019-04-09 16:52:47,061(yyyy-MM-dd HH:mm:ss) - 609 - [main] DEBUG org.springframework.beans.factory.support.DefaultListableBeanFactory  - Returning cached instance of singleton bean 'org.springframework.context.annotation.internalCommonAnnotationProcessor'
2019-04-09 16:52:47,061(yyyy-MM-dd HH:mm:ss) - 609 - [main] DEBUG org.springframework.beans.factory.support.DefaultListableBeanFactory  - Creating shared instance of singleton bean 'org.springframework.context.event.internalEventListenerProcessor'
2019-04-09 16:52:47,061(yyyy-MM-dd HH:mm:ss) - 609 - [main] DEBUG org.springframework.beans.factory.support.DefaultListableBeanFactory  - Creating instance of bean 'org.springframework.context.event.internalEventListenerProcessor'
2019-04-09 16:52:47,077(yyyy-MM-dd HH:mm:ss) - 625 - [main] DEBUG org.springframework.beans.factory.support.DefaultListableBeanFactory  - Eagerly caching bean 'org.springframework.context.event.internalEventListenerProcessor' to allow for resolving potential circular references
2019-04-09 16:52:47,077(yyyy-MM-dd HH:mm:ss) - 625 - [main] DEBUG org.springframework.beans.factory.support.DefaultListableBeanFactory  - Finished creating instance of bean 'org.springframework.context.event.internalEventListenerProcessor'
2019-04-09 16:52:47,077(yyyy-MM-dd HH:mm:ss) - 625 - [main] DEBUG org.springframework.beans.factory.support.DefaultListableBeanFactory  - Creating shared instance of singleton bean 'org.springframework.context.event.internalEventListenerFactory'
2019-04-09 16:52:47,077(yyyy-MM-dd HH:mm:ss) - 625 - [main] DEBUG org.springframework.beans.factory.support.DefaultListableBeanFactory  - Creating instance of bean 'org.springframework.context.event.internalEventListenerFactory'
2019-04-09 16:52:47,077(yyyy-MM-dd HH:mm:ss) - 625 - [main] DEBUG org.springframework.beans.factory.support.DefaultListableBeanFactory  - Eagerly caching bean 'org.springframework.context.event.internalEventListenerFactory' to allow for resolving potential circular references
2019-04-09 16:52:47,077(yyyy-MM-dd HH:mm:ss) - 625 - [main] DEBUG org.springframework.beans.factory.support.DefaultListableBeanFactory  - Finished creating instance of bean 'org.springframework.context.event.internalEventListenerFactory'
2019-04-09 16:52:47,077(yyyy-MM-dd HH:mm:ss) - 625 - [main] DEBUG org.springframework.beans.factory.support.DefaultListableBeanFactory  - Creating shared instance of singleton bean 'bankAppConfig'
2019-04-09 16:52:47,077(yyyy-MM-dd HH:mm:ss) - 625 - [main] DEBUG org.springframework.beans.factory.support.DefaultListableBeanFactory  - Creating instance of bean 'bankAppConfig'
2019-04-09 16:52:47,077(yyyy-MM-dd HH:mm:ss) - 625 - [main] DEBUG org.springframework.beans.factory.support.DefaultListableBeanFactory  - Eagerly caching bean 'bankAppConfig' to allow for resolving potential circular references
2019-04-09 16:52:47,092(yyyy-MM-dd HH:mm:ss) - 640 - [main] DEBUG org.springframework.beans.factory.support.DefaultListableBeanFactory  - Finished creating instance of bean 'bankAppConfig'
2019-04-09 16:52:47,092(yyyy-MM-dd HH:mm:ss) - 640 - [main] DEBUG org.springframework.beans.factory.support.DefaultListableBeanFactory  - Creating shared instance of singleton bean 'getBankAccountServiceImpl'
2019-04-09 16:52:47,092(yyyy-MM-dd HH:mm:ss) - 640 - [main] DEBUG org.springframework.beans.factory.support.DefaultListableBeanFactory  - Creating instance of bean 'getBankAccountServiceImpl'
2019-04-09 16:52:47,092(yyyy-MM-dd HH:mm:ss) - 640 - [main] DEBUG org.springframework.beans.factory.support.DefaultListableBeanFactory  - Returning cached instance of singleton bean 'bankAppConfig'
2019-04-09 16:52:47,452(yyyy-MM-dd HH:mm:ss) - 1000 - [main] DEBUG org.springframework.beans.factory.support.DefaultListableBeanFactory  - Eagerly caching bean 'getBankAccountServiceImpl' to allow for resolving potential circular references
2019-04-09 16:52:47,452(yyyy-MM-dd HH:mm:ss) - 1000 - [main] DEBUG org.springframework.beans.factory.support.DefaultListableBeanFactory  - Finished creating instance of bean 'getBankAccountServiceImpl'
2019-04-09 16:52:47,452(yyyy-MM-dd HH:mm:ss) - 1000 - [main] DEBUG org.springframework.beans.factory.support.DefaultListableBeanFactory  - Returning cached instance of singleton bean 'org.springframework.context.event.internalEventListenerFactory'
2019-04-09 16:52:47,483(yyyy-MM-dd HH:mm:ss) - 1031 - [main] DEBUG org.springframework.context.annotation.AnnotationConfigApplicationContext  - Unable to locate LifecycleProcessor with name 'lifecycleProcessor': using default [org.springframework.context.support.DefaultLifecycleProcessor@5c1a8622]
2019-04-09 16:52:47,483(yyyy-MM-dd HH:mm:ss) - 1031 - [main] DEBUG org.springframework.beans.factory.support.DefaultListableBeanFactory  - Returning cached instance of singleton bean 'lifecycleProcessor'
2019-04-09 16:52:47,483(yyyy-MM-dd HH:mm:ss) - 1031 - [main] DEBUG org.springframework.core.env.PropertySourcesPropertyResolver  - Could not find key 'spring.liveBeansView.mbeanDomain' in any property source
2019-04-09 16:52:47,483(yyyy-MM-dd HH:mm:ss) - 1031 - [main] DEBUG org.springframework.beans.factory.support.DefaultListableBeanFactory  - Returning cached instance of singleton bean 'getBankAccountServiceImpl'
